<?xml version="1.0" encoding="UTF-8"?>
<!-- Generated by org.testng.reporters.JUnitReportReporter -->
<testsuite hostname="LAPTOP-R0FI7S9S" failures="0" tests="1" name="testCases.TC_002_LoginTest" time="1.062" errors="0" timestamp="2023-06-01T14:53:15 CDT" skipped="0">
  <testcase classname="testCases.TC_002_LoginTest" name="test_Login" time="1.062"/>
  <system-out/>
</testsuite> <!-- testCases.TC_002_LoginTest -->
