<?xml version="1.0" encoding="UTF-8"?>
<!-- Generated by org.testng.reporters.JUnitReportReporter -->
<testsuite hostname="LAPTOP-R0FI7S9S" failures="0" tests="1" name="testCases.TC_001_AccountRegistrationTest" time="1.684" errors="0" timestamp="2024-01-16T10:35:27 CST" skipped="0">
  <testcase classname="testCases.TC_001_AccountRegistrationTest" name="test_account_Registration" time="1.684"/>
  <system-out/>
</testsuite> <!-- testCases.TC_001_AccountRegistrationTest -->
